2017-08-21 15:38:40,068 - Initializing Velocity, Calling init()...
2017-08-21 15:38:40,069 - Starting Apache Velocity v1.7 (compiled: 2010-11-19 12:14:37)
2017-08-21 15:38:40,069 - Default Properties File: org\apache\velocity\runtime\defaults\velocity.properties
2017-08-21 15:38:40,069 - Trying to use logger class org.apache.velocity.runtime.log.AvalonLogChute
2017-08-21 15:38:40,069 - Target log system for org.apache.velocity.runtime.log.AvalonLogChute is not available (java.lang.NoClassDefFoundError: org/apache/log/format/Formatter).  Falling back to next log system...
2017-08-21 15:38:40,069 - Trying to use logger class org.apache.velocity.runtime.log.Log4JLogChute
2017-08-21 15:38:40,069 - Using logger class org.apache.velocity.runtime.log.Log4JLogChute
2017-08-21 15:38:40,134 - ResourceLoader instantiated: org.apache.velocity.runtime.resource.loader.ClasspathResourceLoader
2017-08-21 15:38:40,183 - ResourceCache: initialized (class org.apache.velocity.runtime.resource.ResourceCacheImpl) with class java.util.Collections$SynchronizedMap cache map.
2017-08-21 15:38:40,185 - Loaded System Directive: org.apache.velocity.runtime.directive.Stop
2017-08-21 15:38:40,187 - Loaded System Directive: org.apache.velocity.runtime.directive.Define
2017-08-21 15:38:40,189 - Loaded System Directive: org.apache.velocity.runtime.directive.Break
2017-08-21 15:38:40,190 - Loaded System Directive: org.apache.velocity.runtime.directive.Evaluate
2017-08-21 15:38:40,191 - Loaded System Directive: org.apache.velocity.runtime.directive.Literal
2017-08-21 15:38:40,193 - Loaded System Directive: org.apache.velocity.runtime.directive.Macro
2017-08-21 15:38:40,196 - Loaded System Directive: org.apache.velocity.runtime.directive.Parse
2017-08-21 15:38:40,198 - Loaded System Directive: org.apache.velocity.runtime.directive.Include
2017-08-21 15:38:40,200 - Loaded System Directive: org.apache.velocity.runtime.directive.Foreach
2017-08-21 15:38:40,232 - Created '20' parsers.
2017-08-21 15:38:40,239 - Velocimacro : "velocimacro.library" is not set.  Trying default library: VM_global_library.vm
2017-08-21 15:38:40,241 - Could not load resource 'VM_global_library.vm' from ResourceLoader org.apache.velocity.runtime.resource.loader.ClasspathResourceLoader: ClasspathResourceLoader Error: cannot find resource VM_global_library.vm
2017-08-21 15:38:40,241 - Velocimacro : Default library not found.
2017-08-21 15:38:40,241 - Velocimacro : allowInline = true : VMs can be defined inline in templates
2017-08-21 15:38:40,241 - Velocimacro : allowInlineToOverride = false : VMs defined inline may NOT replace previous VM definitions
2017-08-21 15:38:40,241 - Velocimacro : allowInlineLocal = false : VMs defined inline will be global in scope if allowed.
2017-08-21 15:38:40,241 - Velocimacro : autoload off : VM system will not automatically reload global library macros
2017-08-21 15:38:40,265 - ResourceManager : found velocityTemplate/ContractOrder.vm with loader org.apache.velocity.runtime.resource.loader.ClasspathResourceLoader
2017-08-21 15:38:40,417 - Log4JLogChute initialized using file 'velocity.log'
2017-08-21 15:38:40,417 - Initializing Velocity, Calling init()...
2017-08-21 15:38:40,417 - Starting Apache Velocity v1.7 (compiled: 2010-11-19 12:14:37)
2017-08-21 15:38:40,417 - Default Properties File: org\apache\velocity\runtime\defaults\velocity.properties
2017-08-21 15:38:40,418 - Trying to use logger class org.apache.velocity.runtime.log.AvalonLogChute
2017-08-21 15:38:40,418 - Target log system for org.apache.velocity.runtime.log.AvalonLogChute is not available (java.lang.NoClassDefFoundError: org/apache/log/format/Formatter).  Falling back to next log system...
2017-08-21 15:38:40,418 - Trying to use logger class org.apache.velocity.runtime.log.Log4JLogChute
2017-08-21 15:38:40,418 - Using logger class org.apache.velocity.runtime.log.Log4JLogChute
2017-08-21 15:38:40,418 - ResourceLoader instantiated: org.apache.velocity.runtime.resource.loader.ClasspathResourceLoader
2017-08-21 15:38:40,418 - ResourceCache: initialized (class org.apache.velocity.runtime.resource.ResourceCacheImpl) with class java.util.Collections$SynchronizedMap cache map.
2017-08-21 15:38:40,419 - Loaded System Directive: org.apache.velocity.runtime.directive.Stop
2017-08-21 15:38:40,419 - Loaded System Directive: org.apache.velocity.runtime.directive.Define
2017-08-21 15:38:40,419 - Loaded System Directive: org.apache.velocity.runtime.directive.Break
2017-08-21 15:38:40,419 - Loaded System Directive: org.apache.velocity.runtime.directive.Evaluate
2017-08-21 15:38:40,419 - Loaded System Directive: org.apache.velocity.runtime.directive.Literal
2017-08-21 15:38:40,419 - Loaded System Directive: org.apache.velocity.runtime.directive.Macro
2017-08-21 15:38:40,419 - Loaded System Directive: org.apache.velocity.runtime.directive.Parse
2017-08-21 15:38:40,419 - Loaded System Directive: org.apache.velocity.runtime.directive.Include
2017-08-21 15:38:40,420 - Loaded System Directive: org.apache.velocity.runtime.directive.Foreach
2017-08-21 15:38:40,421 - Created '20' parsers.
2017-08-21 15:38:40,421 - Velocimacro : "velocimacro.library" is not set.  Trying default library: VM_global_library.vm
2017-08-21 15:38:40,422 - Could not load resource 'VM_global_library.vm' from ResourceLoader org.apache.velocity.runtime.resource.loader.ClasspathResourceLoader: ClasspathResourceLoader Error: cannot find resource VM_global_library.vm
2017-08-21 15:38:40,422 - Velocimacro : Default library not found.
2017-08-21 15:38:40,422 - Velocimacro : allowInline = true : VMs can be defined inline in templates
2017-08-21 15:38:40,422 - Velocimacro : allowInlineToOverride = false : VMs defined inline may NOT replace previous VM definitions
2017-08-21 15:38:40,423 - Velocimacro : allowInlineLocal = false : VMs defined inline will be global in scope if allowed.
2017-08-21 15:38:40,423 - Velocimacro : autoload off : VM system will not automatically reload global library macros
2017-08-21 15:38:40,428 - ResourceManager : found velocityTemplate/ContractOrder.vm with loader org.apache.velocity.runtime.resource.loader.ClasspathResourceLoader
d off : VM system will not automatically reload global library macros
2017-08-21 15:38:40,428 - ResourceManager : found velocityTemplate/ContractOrder.vm with loader org.apache.velocity.runtime.resource.loader.ClasspathResourceLoader
2017-08-21 15:39:53,955 - Log4JLogChute initialized using file 'velocity.log'
2017-08-21 15:39:53,956 - Initializing Velocity, Calling init()...
2017-08-21 15:39:53,956 - Starting Apache Velocity v1.7 (compiled: 2010-11-19 12:14:37)
2017-08-21 15:39:53,956 - Default Properties File: org\apache\velocity\runtime\defaults\velocity.properties
2017-08-21 15:39:53,956 - Trying to use logger class org.apache.velocity.runtime.log.AvalonLogChute
2017-08-21 15:39:53,956 - Target log system for org.apache.velocity.runtime.log.AvalonLogChute is not available (java.lang.NoClassDefFoundError: org/apache/log/format/Formatter).  Falling back to next log system...
2017-08-21 15:39:53,957 - Trying to use logger class org.apache.velocity.runtime.log.Log4JLogChute
2017-08-21 15:39:53,957 - Using logger class org.apache.velocity.runtime.log.Log4JLogChute
2017-08-21 15:39:53,968 - ResourceLoader instantiated: org.apache.velocity.runtime.resource.loader.ClasspathResourceLoader
2017-08-21 15:39:54,004 - ResourceCache: initialized (class org.apache.velocity.runtime.resource.ResourceCacheImpl) with class java.util.Collections$SynchronizedMap cache map.
2017-08-21 15:39:54,008 - Loaded System Directive: org.apache.velocity.runtime.directive.Stop
2017-08-21 15:39:54,012 - Loaded System Directive: org.apache.velocity.runtime.directive.Define
2017-08-21 15:39:54,013 - Loaded System Directive: org.apache.velocity.runtime.directive.Break
2017-08-21 15:39:54,015 - Loaded System Directive: org.apache.velocity.runtime.directive.Evaluate
2017-08-21 15:39:54,017 - Loaded System Directive: org.apache.velocity.runtime.directive.Literal
2017-08-21 15:39:54,021 - Loaded System Directive: org.apache.velocity.runtime.directive.Macro
2017-08-21 15:39:54,024 - Loaded System Directive: org.apache.velocity.runtime.directive.Parse
2017-08-21 15:39:54,028 - Loaded System Directive: org.apache.velocity.runtime.directive.Include
2017-08-21 15:39:54,031 - Loaded System Directive: org.apache.velocity.runtime.directive.Foreach
2017-08-21 15:39:54,091 - Created '20' parsers.
2017-08-21 15:39:54,112 - Velocimacro : "velocimacro.library" is not set.  Trying default library: VM_global_library.vm
2017-08-21 15:39:54,118 - Could not load resource 'VM_global_library.vm' from ResourceLoader org.apache.velocity.runtime.resource.loader.ClasspathResourceLoader: ClasspathResourceLoader Error: cannot find resource VM_global_library.vm
2017-08-21 15:39:54,118 - Velocimacro : Default library not found.
2017-08-21 15:39:54,118 - Velocimacro : allowInline = true : VMs can be defined inline in templates
2017-08-21 15:39:54,118 - Velocimacro : allowInlineToOverride = false : VMs defined inline may NOT replace previous VM definitions
2017-08-21 15:39:54,118 - Velocimacro : allowInlineLocal = false : VMs defined inline will be global in scope if allowed.
2017-08-21 15:39:54,118 - Velocimacro : autoload off : VM system will not automatically reload global library macros
2017-08-21 15:39:54,774 - ResourceManager : found velocityTemplate/ContractOrder.vm with loader org.apache.velocity.runtime.resource.loader.ClasspathResourceLoader
2017-08-21 15:40:02,948 - Log4JLogChute initialized using file 'velocity.log'
2017-08-21 15:40:02,948 - Log4JLogChute initialized using file 'velocity.log'
2017-08-21 15:40:02,949 - Initializing Velocity, Calling init()...
2017-08-21 15:40:02,949 - Initializing Velocity, Calling init()...
2017-08-21 15:40:02,949 - Starting Apache Velocity v1.7 (compiled: 2010-11-19 12:14:37)
2017-08-21 15:40:02,949 - Starting Apache Velocity v1.7 (compiled: 2010-11-19 12:14:37)
2017-08-21 15:40:02,949 - Default Properties File: org\apache\velocity\runtime\defaults\velocity.properties
2017-08-21 15:40:02,949 - Default Properties File: org\apache\velocity\runtime\defaults\velocity.properties
2017-08-21 15:40:02,949 - Trying to use logger class org.apache.velocity.runtime.log.AvalonLogChute
2017-08-21 15:40:02,949 - Trying to use logger class org.apache.velocity.runtime.log.AvalonLogChute
2017-08-21 15:40:02,949 - Target log system for org.apache.velocity.runtime.log.AvalonLogChute is not available (java.lang.NoClassDefFoundError: org/apache/log/format/Formatter).  Falling back to next log system...
2017-08-21 15:40:02,949 - Target log system for org.apache.velocity.runtime.log.AvalonLogChute is not available (java.lang.NoClassDefFoundError: org/apache/log/format/Formatter).  Falling back to next log system...
2017-08-21 15:40:02,950 - Trying to use logger class org.apache.velocity.runtime.log.Log4JLogChute
2017-08-21 15:40:02,950 - Trying to use logger class org.apache.velocity.runtime.log.Log4JLogChute
2017-08-21 15:40:02,950 - Using logger class org.apache.velocity.runtime.log.Log4JLogChute
2017-08-21 15:40:02,950 - Using logger class org.apache.velocity.runtime.log.Log4JLogChute
2017-08-21 15:40:02,950 - ResourceLoader instantiated: org.apache.velocity.runtime.resource.loader.ClasspathResourceLoader
2017-08-21 15:40:02,950 - ResourceLoader instantiated: org.apache.velocity.runtime.resource.loader.ClasspathResourceLoader
2017-08-21 15:40:02,951 - ResourceCache: initialized (class org.apache.velocity.runtime.resource.ResourceCacheImpl) with class java.util.Collections$SynchronizedMap cache map.
2017-08-21 15:40:02,951 - ResourceCache: initialized (class org.apache.velocity.runtime.resource.ResourceCacheImpl) with class java.util.Collections$SynchronizedMap cache map.
2017-08-21 15:40:02,953 - Loaded System Directive: org.apache.velocity.runtime.directive.Stop
2017-08-21 15:40:02,953 - Loaded System Directive: org.apache.velocity.runtime.directive.Stop
2017-08-21 15:40:02,953 - Loaded System Directive: org.apache.velocity.runtime.directive.Define
2017-08-21 15:40:02,953 - Loaded System Directive: org.apache.velocity.runtime.directive.Define
2017-08-21 15:40:02,954 - Loaded System Directive: org.apache.velocity.runtime.directive.Break
2017-08-21 15:40:02,954 - Loaded System Directive: org.apache.velocity.runtime.directive.Break
2017-08-21 15:40:02,954 - Loaded System Directive: org.apache.velocity.runtime.directive.Evaluate
2017-08-21 15:40:02,954 - Loaded System Directive: org.apache.velocity.runtime.directive.Evaluate
2017-08-21 15:40:02,954 - Loaded System Directive: org.apache.velocity.runtime.directive.Literal
2017-08-21 15:40:02,954 - Loaded System Directive: org.apache.velocity.runtime.directive.Literal
2017-08-21 15:40:02,954 - Loaded System Directive: org.apache.velocity.runtime.directive.Macro
2017-08-21 15:40:02,954 - Loaded System Directive: org.apache.velocity.runtime.directive.Macro
2017-08-21 15:40:02,955 - Loaded System Directive: org.apache.velocity.runtime.directive.Parse
2017-08-21 15:40:02,955 - Loaded System Directive: org.apache.velocity.runtime.directive.Parse
2017-08-21 15:40:02,955 - Loaded System Directive: org.apache.velocity.runtime.directive.Include
2017-08-21 15:40:02,955 - Loaded System Directive: org.apache.velocity.runtime.directive.Include
2017-08-21 15:40:02,955 - Loaded System Directive: org.apache.velocity.runtime.directive.Foreach
2017-08-21 15:40:02,955 - Loaded System Directive: org.apache.velocity.runtime.directive.Foreach
2017-08-21 15:40:02,958 - Created '20' parsers.
2017-08-21 15:40:02,958 - Created '20' parsers.
2017-08-21 15:40:02,959 - Velocimacro : "velocimacro.library" is not set.  Trying default library: VM_global_library.vm
2017-08-21 15:40:02,959 - Velocimacro : "velocimacro.library" is not set.  Trying default library: VM_global_library.vm
2017-08-21 15:40:02,964 - Could not load resource 'VM_global_library.vm' from ResourceLoader org.apache.velocity.runtime.resource.loader.ClasspathResourceLoader: ClasspathResourceLoader Error: cannot find resource VM_global_library.vm
2017-08-21 15:40:02,964 - Could not load resource 'VM_global_library.vm' from ResourceLoader org.apache.velocity.runtime.resource.loader.ClasspathResourceLoader: ClasspathResourceLoader Error: cannot find resource VM_global_library.vm
2017-08-21 15:40:02,965 - Velocimacro : Default library not found.
2017-08-21 15:40:02,965 - Velocimacro : Default library not found.
2017-08-21 15:40:02,965 - Velocimacro : allowInline = true : VMs can be defined inline in templates
2017-08-21 15:40:02,965 - Velocimacro : allowInline = true : VMs can be defined inline in templates
2017-08-21 15:40:02,965 - Velocimacro : allowInlineToOverride = false : VMs defined inline may NOT replace previous VM definitions
2017-08-21 15:40:02,965 - Velocimacro : allowInlineToOverride = false : VMs defined inline may NOT replace previous VM definitions
2017-08-21 15:40:02,965 - Velocimacro : allowInlineLocal = false : VMs defined inline will be global in scope if allowed.
2017-08-21 15:40:02,965 - Velocimacro : allowInlineLocal = false : VMs defined inline will be global in scope if allowed.
2017-08-21 15:40:02,965 - Velocimacro : autoload off : VM system will not automatically reload global library macros
2017-08-21 15:40:02,965 - Velocimacro : autoload off : VM system will not automatically reload global library macros
2017-08-21 15:40:02,984 - ResourceManager : found velocityTemplate/ContractOrder.vm with loader org.apache.velocity.runtime.resource.loader.ClasspathResourceLoader
2017-08-21 15:40:02,984 - ResourceManager : found velocityTemplate/ContractOrder.vm with loader org.apache.velocity.runtime.resource.loader.ClasspathResourceLoader
2017-08-21 15:41:36,607 - Log4JLogChute initialized using file 'velocity.log'
2017-08-21 15:41:36,608 - Initializing Velocity, Calling init()...
2017-08-21 15:41:36,608 - Starting Apache Velocity v1.7 (compiled: 2010-11-19 12:14:37)
2017-08-21 15:41:36,608 - Default Properties File: org\apache\velocity\runtime\defaults\velocity.properties
2017-08-21 15:41:36,608 - Trying to use logger class org.apache.velocity.runtime.log.AvalonLogChute
2017-08-21 15:41:36,608 - Target log system for org.apache.velocity.runtime.log.AvalonLogChute is not available (java.lang.NoClassDefFoundError: org/apache/log/format/Formatter).  Falling back to next log system...
2017-08-21 15:41:36,608 - Trying to use logger class org.apache.velocity.runtime.log.Log4JLogChute
2017-08-21 15:41:36,608 - Using logger class org.apache.velocity.runtime.log.Log4JLogChute
2017-08-21 15:41:36,612 - ResourceLoader instantiated: org.apache.velocity.runtime.resource.loader.ClasspathResourceLoader
2017-08-21 15:41:36,628 - ResourceCache: initialized (class org.apache.velocity.runtime.resource.ResourceCacheImpl) with class java.util.Collections$SynchronizedMap cache map.
2017-08-21 15:41:36,629 - Loaded System Directive: org.apache.velocity.runtime.directive.Stop
2017-08-21 15:41:36,631 - Loaded System Directive: org.apache.velocity.runtime.directive.Define
2017-08-21 15:41:36,631 - Loaded System Directive: org.apache.velocity.runtime.directive.Break
2017-08-21 15:41:36,632 - Loaded System Directive: org.apache.velocity.runtime.directive.Evaluate
2017-08-21 15:41:36,633 - Loaded System Directive: org.apache.velocity.runtime.directive.Literal
2017-08-21 15:41:36,634 - Loaded System Directive: org.apache.velocity.runtime.directive.Macro
2017-08-21 15:41:36,636 - Loaded System Directive: org.apache.velocity.runtime.directive.Parse
2017-08-21 15:41:36,637 - Loaded System Directive: org.apache.velocity.runtime.directive.Include
2017-08-21 15:41:36,639 - Loaded System Directive: org.apache.velocity.runtime.directive.Foreach
2017-08-21 15:41:36,671 - Created '20' parsers.
2017-08-21 15:41:36,680 - Velocimacro : "velocimacro.library" is not set.  Trying default library: VM_global_library.vm
2017-08-21 15:41:36,682 - Could not load resource 'VM_global_library.vm' from ResourceLoader org.apache.velocity.runtime.resource.loader.ClasspathResourceLoader: ClasspathResourceLoader Error: cannot find resource VM_global_library.vm
2017-08-21 15:41:36,682 - Velocimacro : Default library not found.
2017-08-21 15:41:36,682 - Velocimacro : allowInline = true : VMs can be defined inline in templates
2017-08-21 15:41:36,682 - Velocimacro : allowInlineToOverride = false : VMs defined inline may NOT replace previous VM definitions
2017-08-21 15:41:36,682 - Velocimacro : allowInlineLocal = false : VMs defined inline will be global in scope if allowed.
2017-08-21 15:41:36,682 - Velocimacro : autoload off : VM system will not automatically reload global library macros
2017-08-21 15:41:36,708 - ResourceManager : found velocityTemplate/ContractOrder.vm with loader org.apache.velocity.runtime.resource.loader.ClasspathResourceLoader
2017-08-21 15:41:36,876 - Log4JLogChute initialized using file 'velocity.log'
2017-08-21 15:41:36,876 - Log4JLogChute initialized using file 'velocity.log'
2017-08-21 15:41:36,876 - Initializing Velocity, Calling init()...
2017-08-21 15:41:36,876 - Initializing Velocity, Calling init()...
2017-08-21 15:41:36,876 - Starting Apache Velocity v1.7 (compiled: 2010-11-19 12:14:37)
2017-08-21 15:41:36,876 - Starting Apache Velocity v1.7 (compiled: 2010-11-19 12:14:37)
2017-08-21 15:41:36,876 - Default Properties File: org\apache\velocity\runtime\defaults\velocity.properties
2017-08-21 15:41:36,876 - Default Properties File: org\apache\velocity\runtime\defaults\velocity.properties
2017-08-21 15:41:36,876 - Trying to use logger class org.apache.velocity.runtime.log.AvalonLogChute
2017-08-21 15:41:36,876 - Trying to use logger class org.apache.velocity.runtime.log.AvalonLogChute
2017-08-21 15:41:36,876 - Target log system for org.apache.velocity.runtime.log.AvalonLogChute is not available (java.lang.NoClassDefFoundError: org/apache/log/format/Formatter).  Falling back to next log system...
2017-08-21 15:41:36,876 - Target log system for org.apache.velocity.runtime.log.AvalonLogChute is not available (java.lang.NoClassDefFoundError: org/apache/log/format/Formatter).  Falling back to next log system...
2017-08-21 15:41:36,876 - Trying to use logger class org.apache.velocity.runtime.log.Log4JLogChute
2017-08-21 15:41:36,876 - Trying to use logger class org.apache.velocity.runtime.log.Log4JLogChute
2017-08-21 15:41:36,876 - Using logger class org.apache.velocity.runtime.log.Log4JLogChute
2017-08-21 15:41:36,876 - Using logger class org.apache.velocity.runtime.log.Log4JLogChute
2017-08-21 15:41:36,876 - ResourceLoader instantiated: org.apache.velocity.runtime.resource.loader.ClasspathResourceLoader
2017-08-21 15:41:36,876 - ResourceLoader instantiated: org.apache.velocity.runtime.resource.loader.ClasspathResourceLoader
2017-08-21 15:41:36,877 - ResourceCache: initialized (class org.apache.velocity.runtime.resource.ResourceCacheImpl) with class java.util.Collections$SynchronizedMap cache map.
2017-08-21 15:41:36,877 - ResourceCache: initialized (class org.apache.velocity.runtime.resource.ResourceCacheImpl) with class java.util.Collections$SynchronizedMap cache map.
2017-08-21 15:41:36,878 - Loaded System Directive: org.apache.velocity.runtime.directive.Stop
2017-08-21 15:41:36,878 - Loaded System Directive: org.apache.velocity.runtime.directive.Stop
2017-08-21 15:41:36,878 - Loaded System Directive: org.apache.velocity.runtime.directive.Define
2017-08-21 15:41:36,878 - Loaded System Directive: org.apache.velocity.runtime.directive.Define
2017-08-21 15:41:36,878 - Loaded System Directive: org.apache.velocity.runtime.directive.Break
2017-08-21 15:41:36,878 - Loaded System Directive: org.apache.velocity.runtime.directive.Break
2017-08-21 15:41:36,879 - Loaded System Directive: org.apache.velocity.runtime.directive.Evaluate
2017-08-21 15:41:36,879 - Loaded System Directive: org.apache.velocity.runtime.directive.Evaluate
2017-08-21 15:41:36,879 - Loaded System Directive: org.apache.velocity.runtime.directive.Literal
2017-08-21 15:41:36,879 - Loaded System Directive: org.apache.velocity.runtime.directive.Literal
2017-08-21 15:41:36,879 - Loaded System Directive: org.apache.velocity.runtime.directive.Macro
2017-08-21 15:41:36,879 - Loaded System Directive: org.apache.velocity.runtime.directive.Macro
2017-08-21 15:41:36,879 - Loaded System Directive: org.apache.velocity.runtime.directive.Parse
2017-08-21 15:41:36,879 - Loaded System Directive: org.apache.velocity.runtime.directive.Parse
2017-08-21 15:41:36,879 - Loaded System Directive: org.apache.velocity.runtime.directive.Include
2017-08-21 15:41:36,879 - Loaded System Directive: org.apache.velocity.runtime.directive.Include
2017-08-21 15:41:36,879 - Loaded System Directive: org.apache.velocity.runtime.directive.Foreach
2017-08-21 15:41:36,879 - Loaded System Directive: org.apache.velocity.runtime.directive.Foreach
2017-08-21 15:41:36,881 - Created '20' parsers.
2017-08-21 15:41:36,881 - Created '20' parsers.
2017-08-21 15:41:36,882 - Velocimacro : "velocimacro.library" is not set.  Trying default library: VM_global_library.vm
2017-08-21 15:41:36,882 - Velocimacro : "velocimacro.library" is not set.  Trying default library: VM_global_library.vm
2017-08-21 15:41:36,883 - Could not load resource 'VM_global_library.vm' from ResourceLoader org.apache.velocity.runtime.resource.loader.ClasspathResourceLoader: ClasspathResourceLoader Error: cannot find resource VM_global_library.vm
2017-08-21 15:41:36,883 - Could not load resource 'VM_global_library.vm' from ResourceLoader org.apache.velocity.runtime.resource.loader.ClasspathResourceLoader: ClasspathResourceLoader Error: cannot find resource VM_global_library.vm
2017-08-21 15:41:36,883 - Velocimacro : Default library not found.
2017-08-21 15:41:36,883 - Velocimacro : Default library not found.
2017-08-21 15:41:36,883 - Velocimacro : allowInline = true : VMs can be defined inline in templates
2017-08-21 15:41:36,883 - Velocimacro : allowInline = true : VMs can be defined inline in templates
2017-08-21 15:41:36,883 - Velocimacro : allowInlineToOverride = false : VMs defined inline may NOT replace previous VM definitions
2017-08-21 15:41:36,883 - Velocimacro : allowInlineToOverride = false : VMs defined inline may NOT replace previous VM definitions
2017-08-21 15:41:36,883 - Velocimacro : allowInlineLocal = false : VMs defined inline will be global in scope if allowed.
2017-08-21 15:41:36,883 - Velocimacro : allowInlineLocal = false : VMs defined inline will be global in scope if allowed.
2017-08-21 15:41:36,883 - Velocimacro : autoload off : VM system will not automatically reload global library macros
2017-08-21 15:41:36,883 - Velocimacro : autoload off : VM system will not automatically reload global library macros
2017-08-21 15:41:36,887 - ResourceManager : found velocityTemplate/ContractOrder.vm with loader org.apache.velocity.runtime.resource.loader.ClasspathResourceLoader
2017-08-21 15:41:36,887 - ResourceManager : found velocityTemplate/ContractOrder.vm with loader org.apache.velocity.runtime.resource.loader.ClasspathResourceLoader
2017-08-21 16:51:36,020 - Log4JLogChute initialized using file 'velocity.log'
2017-08-21 16:51:36,141 - Initializing Velocity, Calling init()...
2017-08-21 16:51:36,141 - Starting Apache Velocity v1.7 (compiled: 2010-11-19 12:14:37)
2017-08-21 16:51:36,141 - Default Properties File: org\apache\velocity\runtime\defaults\velocity.properties
2017-08-21 16:51:36,142 - Trying to use logger class org.apache.velocity.runtime.log.AvalonLogChute
2017-08-21 16:51:36,142 - Target log system for org.apache.velocity.runtime.log.AvalonLogChute is not available (java.lang.NoClassDefFoundError: org/apache/log/format/Formatter).  Falling back to next log system...
2017-08-21 16:51:36,142 - Trying to use logger class org.apache.velocity.runtime.log.Log4JLogChute
2017-08-21 16:51:36,142 - Using logger class org.apache.velocity.runtime.log.Log4JLogChute
2017-08-21 16:51:36,156 - ResourceLoader instantiated: org.apache.velocity.runtime.resource.loader.ClasspathResourceLoader
2017-08-21 16:51:36,194 - ResourceCache: initialized (class org.apache.velocity.runtime.resource.ResourceCacheImpl) with class java.util.Collections$SynchronizedMap cache map.
2017-08-21 16:51:36,198 - Loaded System Directive: org.apache.velocity.runtime.directive.Stop
2017-08-21 16:51:36,200 - Loaded System Directive: org.apache.velocity.runtime.directive.Define
2017-08-21 16:51:36,201 - Loaded System Directive: org.apache.velocity.runtime.directive.Break
2017-08-21 16:51:36,203 - Loaded System Directive: org.apache.velocity.runtime.directive.Evaluate
2017-08-21 16:51:36,204 - Loaded System Directive: org.apache.velocity.runtime.directive.Literal
2017-08-21 16:51:36,207 - Loaded System Directive: org.apache.velocity.runtime.directive.Macro
2017-08-21 16:51:36,209 - Loaded System Directive: org.apache.velocity.runtime.directive.Parse
2017-08-21 16:51:36,211 - Loaded System Directive: org.apache.velocity.runtime.directive.Include
2017-08-21 16:51:36,212 - Loaded System Directive: org.apache.velocity.runtime.directive.Foreach
2017-08-21 16:51:36,244 - Created '20' parsers.
2017-08-21 16:51:36,252 - Velocimacro : "velocimacro.library" is not set.  Trying default library: VM_global_library.vm
2017-08-21 16:51:36,253 - Could not load resource 'VM_global_library.vm' from ResourceLoader org.apache.velocity.runtime.resource.loader.ClasspathResourceLoader: ClasspathResourceLoader Error: cannot find resource VM_global_library.vm
2017-08-21 16:51:36,253 - Velocimacro : Default library not found.
2017-08-21 16:51:36,253 - Velocimacro : allowInline = true : VMs can be defined inline in templates
2017-08-21 16:51:36,253 - Velocimacro : allowInlineToOverride = false : VMs defined inline may NOT replace previous VM definitions
2017-08-21 16:51:36,253 - Velocimacro : allowInlineLocal = false : VMs defined inline will be global in scope if allowed.
2017-08-21 16:51:36,253 - Velocimacro : autoload off : VM system will not automatically reload global library macros
2017-08-21 16:51:36,273 - ResourceManager : found velocityTemplate\contractOrder.vm with loader org.apache.velocity.runtime.resource.loader.ClasspathResourceLoader
2017-08-21 16:51:36,430 - Log4JLogChute initialized using file 'velocity.log'
2017-08-21 16:51:36,430 - Log4JLogChute initialized using file 'velocity.log'
2017-08-21 16:51:36,430 - Initializing Velocity, Calling init()...
2017-08-21 16:51:36,430 - Initializing Velocity, Calling init()...
2017-08-21 16:51:36,430 - Starting Apache Velocity v1.7 (compiled: 2010-11-19 12:14:37)
2017-08-21 16:51:36,430 - Starting Apache Velocity v1.7 (compiled: 2010-11-19 12:14:37)
2017-08-21 16:51:36,430 - Default Properties File: org\apache\velocity\runtime\defaults\velocity.properties
2017-08-21 16:51:36,430 - Default Properties File: org\apache\velocity\runtime\defaults\velocity.properties
2017-08-21 16:51:36,430 - Trying to use logger class org.apache.velocity.runtime.log.AvalonLogChute
2017-08-21 16:51:36,430 - Trying to use logger class org.apache.velocity.runtime.log.AvalonLogChute
2017-08-21 16:51:36,430 - Target log system for org.apache.velocity.runtime.log.AvalonLogChute is not available (java.lang.NoClassDefFoundError: org/apache/log/format/Formatter).  Falling back to next log system...
2017-08-21 16:51:36,430 - Target log system for org.apache.velocity.runtime.log.AvalonLogChute is not available (java.lang.NoClassDefFoundError: org/apache/log/format/Formatter).  Falling back to next log system...
2017-08-21 16:51:36,430 - Trying to use logger class org.apache.velocity.runtime.log.Log4JLogChute
2017-08-21 16:51:36,430 - Trying to use logger class org.apache.velocity.runtime.log.Log4JLogChute
2017-08-21 16:51:36,430 - Using logger class org.apache.velocity.runtime.log.Log4JLogChute
2017-08-21 16:51:36,430 - Using logger class org.apache.velocity.runtime.log.Log4JLogChute
2017-08-21 16:51:36,430 - ResourceLoader instantiated: org.apache.velocity.runtime.resource.loader.ClasspathResourceLoader
2017-08-21 16:51:36,430 - ResourceLoader instantiated: org.apache.velocity.runtime.resource.loader.ClasspathResourceLoader
2017-08-21 16:51:36,431 - ResourceCache: initialized (class org.apache.velocity.runtime.resource.ResourceCacheImpl) with class java.util.Collections$SynchronizedMap cache map.
2017-08-21 16:51:36,431 - ResourceCache: initialized (class org.apache.velocity.runtime.resource.ResourceCacheImpl) with class java.util.Collections$SynchronizedMap cache map.
2017-08-21 16:51:36,432 - Loaded System Directive: org.apache.velocity.runtime.directive.Stop
2017-08-21 16:51:36,432 - Loaded System Directive: org.apache.velocity.runtime.directive.Stop
2017-08-21 16:51:36,432 - Loaded System Directive: org.apache.velocity.runtime.directive.Define
2017-08-21 16:51:36,432 - Loaded System Directive: org.apache.velocity.runtime.directive.Define
2017-08-21 16:51:36,432 - Loaded System Directive: org.apache.velocity.runtime.directive.Break
2017-08-21 16:51:36,432 - Loaded System Directive: org.apache.velocity.runtime.directive.Break
2017-08-21 16:51:36,432 - Loaded System Directive: org.apache.velocity.runtime.directive.Evaluate
2017-08-21 16:51:36,432 - Loaded System Directive: org.apache.velocity.runtime.directive.Evaluate
2017-08-21 16:51:36,432 - Loaded System Directive: org.apache.velocity.runtime.directive.Literal
2017-08-21 16:51:36,432 - Loaded System Directive: org.apache.velocity.runtime.directive.Literal
2017-08-21 16:51:36,432 - Loaded System Directive: org.apache.velocity.runtime.directive.Macro
2017-08-21 16:51:36,432 - Loaded System Directive: org.apache.velocity.runtime.directive.Macro
2017-08-21 16:51:36,432 - Loaded System Directive: org.apache.velocity.runtime.directive.Parse
2017-08-21 16:51:36,432 - Loaded System Directive: org.apache.velocity.runtime.directive.Parse
2017-08-21 16:51:36,432 - Loaded System Directive: org.apache.velocity.runtime.directive.Include
2017-08-21 16:51:36,432 - Loaded System Directive: org.apache.velocity.runtime.directive.Include
2017-08-21 16:51:36,432 - Loaded System Directive: org.apache.velocity.runtime.directive.Foreach
2017-08-21 16:51:36,432 - Loaded System Directive: org.apache.velocity.runtime.directive.Foreach
2017-08-21 16:51:36,434 - Created '20' parsers.
2017-08-21 16:51:36,434 - Created '20' parsers.
2017-08-21 16:51:36,434 - Velocimacro : "velocimacro.library" is not set.  Trying default library: VM_global_library.vm
2017-08-21 16:51:36,434 - Velocimacro : "velocimacro.library" is not set.  Trying default library: VM_global_library.vm
2017-08-21 16:51:36,435 - Could not load resource 'VM_global_library.vm' from ResourceLoader org.apache.velocity.runtime.resource.loader.ClasspathResourceLoader: ClasspathResourceLoader Error: cannot find resource VM_global_library.vm
2017-08-21 16:51:36,435 - Could not load resource 'VM_global_library.vm' from ResourceLoader org.apache.velocity.runtime.resource.loader.ClasspathResourceLoader: ClasspathResourceLoader Error: cannot find resource VM_global_library.vm
2017-08-21 16:51:36,435 - Velocimacro : Default library not found.
2017-08-21 16:51:36,435 - Velocimacro : Default library not found.
2017-08-21 16:51:36,435 - Velocimacro : allowInline = true : VMs can be defined inline in templates
2017-08-21 16:51:36,435 - Velocimacro : allowInline = true : VMs can be defined inline in templates
2017-08-21 16:51:36,435 - Velocimacro : allowInlineToOverride = false : VMs defined inline may NOT replace previous VM definitions
2017-08-21 16:51:36,435 - Velocimacro : allowInlineToOverride = false : VMs defined inline may NOT replace previous VM definitions
2017-08-21 16:51:36,435 - Velocimacro : allowInlineLocal = false : VMs defined inline will be global in scope if allowed.
2017-08-21 16:51:36,435 - Velocimacro : allowInlineLocal = false : VMs defined inline will be global in scope if allowed.
2017-08-21 16:51:36,435 - Velocimacro : autoload off : VM system will not automatically reload global library macros
2017-08-21 16:51:36,435 - Velocimacro : autoload off : VM system will not automatically reload global library macros
2017-08-21 16:51:36,441 - ResourceManager : found velocityTemplate/ContractOrder.vm with loader org.apache.velocity.runtime.resource.loader.ClasspathResourceLoader
2017-08-21 16:51:36,441 - ResourceManager : found velocityTemplate/ContractOrder.vm with loader org.apache.velocity.runtime.resource.loader.ClasspathResourceLoader
2017-08-21 16:52:50,527 - Log4JLogChute initialized using file 'velocity.log'
2017-08-21 16:52:50,528 - Initializing Velocity, Calling init()...
2017-08-21 16:52:50,528 - Starting Apache Velocity v1.7 (compiled: 2010-11-19 12:14:37)
2017-08-21 16:52:50,528 - Default Properties File: org\apache\velocity\runtime\defaults\velocity.properties
2017-08-21 16:52:50,528 - Trying to use logger class org.apache.velocity.runtime.log.AvalonLogChute
2017-08-21 16:52:50,528 - Target log system for org.apache.velocity.runtime.log.AvalonLogChute is not available (java.lang.NoClassDefFoundError: org/apache/log/format/Formatter).  Falling back to next log system...
2017-08-21 16:52:50,528 - Trying to use logger class org.apache.velocity.runtime.log.Log4JLogChute
2017-08-21 16:52:50,528 - Using logger class org.apache.velocity.runtime.log.Log4JLogChute
2017-08-21 16:52:50,532 - ResourceLoader instantiated: org.apache.velocity.runtime.resource.loader.ClasspathResourceLoader
2017-08-21 16:52:50,547 - ResourceCache: initialized (class org.apache.velocity.runtime.resource.ResourceCacheImpl) with class java.util.Collections$SynchronizedMap cache map.
2017-08-21 16:52:50,548 - Loaded System Directive: org.apache.velocity.runtime.directive.Stop
2017-08-21 16:52:50,550 - Loaded System Directive: org.apache.velocity.runtime.directive.Define
2017-08-21 16:52:50,550 - Loaded System Directive: org.apache.velocity.runtime.directive.Break
2017-08-21 16:52:50,551 - Loaded System Directive: org.apache.velocity.runtime.directive.Evaluate
2017-08-21 16:52:50,552 - Loaded System Directive: org.apache.velocity.runtime.directive.Literal
2017-08-21 16:52:50,553 - Loaded System Directive: org.apache.velocity.runtime.directive.Macro
2017-08-21 16:52:50,555 - Loaded System Directive: org.apache.velocity.runtime.directive.Parse
2017-08-21 16:52:50,556 - Loaded System Directive: org.apache.velocity.runtime.directive.Include
2017-08-21 16:52:50,557 - Loaded System Directive: org.apache.velocity.runtime.directive.Foreach
2017-08-21 16:52:50,588 - Created '20' parsers.
2017-08-21 16:52:50,596 - Velocimacro : "velocimacro.library" is not set.  Trying default library: VM_global_library.vm
2017-08-21 16:52:50,597 - Could not load resource 'VM_global_library.vm' from ResourceLoader org.apache.velocity.runtime.resource.loader.ClasspathResourceLoader: ClasspathResourceLoader Error: cannot find resource VM_global_library.vm
2017-08-21 16:52:50,597 - Velocimacro : Default library not found.
2017-08-21 16:52:50,598 - Velocimacro : allowInline = true : VMs can be defined inline in templates
2017-08-21 16:52:50,598 - Velocimacro : allowInlineToOverride = false : VMs defined inline may NOT replace previous VM definitions
2017-08-21 16:52:50,598 - Velocimacro : allowInlineLocal = false : VMs defined inline will be global in scope if allowed.
2017-08-21 16:52:50,598 - Velocimacro : autoload off : VM system will not automatically reload global library macros
2017-08-21 16:52:50,627 - ResourceManager : found velocityTemplate\contractOrder.vm with loader org.apache.velocity.runtime.resource.loader.ClasspathResourceLoader
2017-08-21 16:52:50,787 - Log4JLogChute initialized using file 'velocity.log'
2017-08-21 16:52:50,787 - Log4JLogChute initialized using file 'velocity.log'
2017-08-21 16:52:50,787 - Initializing Velocity, Calling init()...
2017-08-21 16:52:50,787 - Initializing Velocity, Calling init()...
2017-08-21 16:52:50,787 - Starting Apache Velocity v1.7 (compiled: 2010-11-19 12:14:37)
2017-08-21 16:52:50,787 - Starting Apache Velocity v1.7 (compiled: 2010-11-19 12:14:37)
2017-08-21 16:52:50,787 - Default Properties File: org\apache\velocity\runtime\defaults\velocity.properties
2017-08-21 16:52:50,787 - Default Properties File: org\apache\velocity\runtime\defaults\velocity.properties
2017-08-21 16:52:50,787 - Trying to use logger class org.apache.velocity.runtime.log.AvalonLogChute
2017-08-21 16:52:50,787 - Trying to use logger class org.apache.velocity.runtime.log.AvalonLogChute
2017-08-21 16:52:50,787 - Target log system for org.apache.velocity.runtime.log.AvalonLogChute is not available (java.lang.NoClassDefFoundError: org/apache/log/format/Formatter).  Falling back to next log system...
2017-08-21 16:52:50,787 - Target log system for org.apache.velocity.runtime.log.AvalonLogChute is not available (java.lang.NoClassDefFoundError: org/apache/log/format/Formatter).  Falling back to next log system...
2017-08-21 16:52:50,787 - Trying to use logger class org.apache.velocity.runtime.log.Log4JLogChute
2017-08-21 16:52:50,787 - Trying to use logger class org.apache.velocity.runtime.log.Log4JLogChute
2017-08-21 16:52:50,787 - Using logger class org.apache.velocity.runtime.log.Log4JLogChute
2017-08-21 16:52:50,787 - Using logger class org.apache.velocity.runtime.log.Log4JLogChute
2017-08-21 16:52:50,787 - ResourceLoader instantiated: org.apache.velocity.runtime.resource.loader.ClasspathResourceLoader
2017-08-21 16:52:50,787 - ResourceLoader instantiated: org.apache.velocity.runtime.resource.loader.ClasspathResourceLoader
2017-08-21 16:52:50,787 - ResourceCache: initialized (class org.apache.velocity.runtime.resource.ResourceCacheImpl) with class java.util.Collections$SynchronizedMap cache map.
2017-08-21 16:52:50,787 - ResourceCache: initialized (class org.apache.velocity.runtime.resource.ResourceCacheImpl) with class java.util.Collections$SynchronizedMap cache map.
2017-08-21 16:52:50,788 - Loaded System Directive: org.apache.velocity.runtime.directive.Stop
2017-08-21 16:52:50,788 - Loaded System Directive: org.apache.velocity.runtime.directive.Stop
2017-08-21 16:52:50,788 - Loaded System Directive: org.apache.velocity.runtime.directive.Define
2017-08-21 16:52:50,788 - Loaded System Directive: org.apache.velocity.runtime.directive.Define
2017-08-21 16:52:50,788 - Loaded System Directive: org.apache.velocity.runtime.directive.Break
2017-08-21 16:52:50,788 - Loaded System Directive: org.apache.velocity.runtime.directive.Break
2017-08-21 16:52:50,788 - Loaded System Directive: org.apache.velocity.runtime.directive.Evaluate
2017-08-21 16:52:50,788 - Loaded System Directive: org.apache.velocity.runtime.directive.Evaluate
2017-08-21 16:52:50,788 - Loaded System Directive: org.apache.velocity.runtime.directive.Literal
2017-08-21 16:52:50,788 - Loaded System Directive: org.apache.velocity.runtime.directive.Literal
2017-08-21 16:52:50,789 - Loaded System Directive: org.apache.velocity.runtime.directive.Macro
2017-08-21 16:52:50,789 - Loaded System Directive: org.apache.velocity.runtime.directive.Macro
2017-08-21 16:52:50,789 - Loaded System Directive: org.apache.velocity.runtime.directive.Parse
2017-08-21 16:52:50,789 - Loaded System Directive: org.apache.velocity.runtime.directive.Parse
2017-08-21 16:52:50,789 - Loaded System Directive: org.apache.velocity.runtime.directive.Include
2017-08-21 16:52:50,789 - Loaded System Directive: org.apache.velocity.runtime.directive.Include
2017-08-21 16:52:50,789 - Loaded System Directive: org.apache.velocity.runtime.directive.Foreach
2017-08-21 16:52:50,789 - Loaded System Directive: org.apache.velocity.runtime.directive.Foreach
2017-08-21 16:52:50,790 - Created '20' parsers.
2017-08-21 16:52:50,790 - Created '20' parsers.
2017-08-21 16:52:50,790 - Velocimacro : "velocimacro.library" is not set.  Trying default library: VM_global_library.vm
2017-08-21 16:52:50,790 - Velocimacro : "velocimacro.library" is not set.  Trying default library: VM_global_library.vm
2017-08-21 16:52:50,791 - Could not load resource 'VM_global_library.vm' from ResourceLoader org.apache.velocity.runtime.resource.loader.ClasspathResourceLoader: ClasspathResourceLoader Error: cannot find resource VM_global_library.vm
2017-08-21 16:52:50,791 - Could not load resource 'VM_global_library.vm' from ResourceLoader org.apache.velocity.runtime.resource.loader.ClasspathResourceLoader: ClasspathResourceLoader Error: cannot find resource VM_global_library.vm
2017-08-21 16:52:50,791 - Velocimacro : Default library not found.
2017-08-21 16:52:50,791 - Velocimacro : Default library not found.
2017-08-21 16:52:50,791 - Velocimacro : allowInline = true : VMs can be defined inline in templates
2017-08-21 16:52:50,791 - Velocimacro : allowInline = true : VMs can be defined inline in templates
2017-08-21 16:52:50,791 - Velocimacro : allowInlineToOverride = false : VMs defined inline may NOT replace previous VM definitions
2017-08-21 16:52:50,791 - Velocimacro : allowInlineToOverride = false : VMs defined inline may NOT replace previous VM definitions
2017-08-21 16:52:50,792 - Velocimacro : allowInlineLocal = false : VMs defined inline will be global in scope if allowed.
2017-08-21 16:52:50,792 - Velocimacro : allowInlineLocal = false : VMs defined inline will be global in scope if allowed.
2017-08-21 16:52:50,792 - Velocimacro : autoload off : VM system will not automatically reload global library macros
2017-08-21 16:52:50,792 - Velocimacro : autoload off : VM system will not automatically reload global library macros
2017-08-21 16:52:50,797 - ResourceManager : found velocityTemplate/ContractOrder.vm with loader org.apache.velocity.runtime.resource.loader.ClasspathResourceLoader
2017-08-21 16:52:50,797 - ResourceManager : found velocityTemplate/ContractOrder.vm with loader org.apache.velocity.runtime.resource.loader.ClasspathResourceLoader
2017-08-21 16:54:29,888 - Log4JLogChute initialized using file 'velocity.log'
2017-08-21 16:54:29,888 - Initializing Velocity, Calling init()...
2017-08-21 16:54:29,888 - Starting Apache Velocity v1.7 (compiled: 2010-11-19 12:14:37)
2017-08-21 16:54:29,888 - Default Properties File: org\apache\velocity\runtime\defaults\velocity.properties
2017-08-21 16:54:29,889 - Trying to use logger class org.apache.velocity.runtime.log.AvalonLogChute
2017-08-21 16:54:29,889 - Target log system for org.apache.velocity.runtime.log.AvalonLogChute is not available (java.lang.NoClassDefFoundError: org/apache/log/format/Formatter).  Falling back to next log system...
2017-08-21 16:54:29,889 - Trying to use logger class org.apache.velocity.runtime.log.Log4JLogChute
2017-08-21 16:54:29,889 - Using logger class org.apache.velocity.runtime.log.Log4JLogChute
2017-08-21 16:54:29,893 - ResourceLoader instantiated: org.apache.velocity.runtime.resource.loader.ClasspathResourceLoader
2017-08-21 16:54:29,908 - ResourceCache: initialized (class org.apache.velocity.runtime.resource.ResourceCacheImpl) with class java.util.Collections$SynchronizedMap cache map.
2017-08-21 16:54:29,909 - Loaded System Directive: org.apache.velocity.runtime.directive.Stop
2017-08-21 16:54:29,911 - Loaded System Directive: org.apache.velocity.runtime.directive.Define
2017-08-21 16:54:29,912 - Loaded System Directive: org.apache.velocity.runtime.directive.Break
2017-08-21 16:54:29,913 - Loaded System Directive: org.apache.velocity.runtime.directive.Evaluate
2017-08-21 16:54:29,914 - Loaded System Directive: org.apache.velocity.runtime.directive.Literal
2017-08-21 16:54:29,915 - Loaded System Directive: org.apache.velocity.runtime.directive.Macro
2017-08-21 16:54:29,917 - Loaded System Directive: org.apache.velocity.runtime.directive.Parse
2017-08-21 16:54:29,919 - Loaded System Directive: org.apache.velocity.runtime.directive.Include
2017-08-21 16:54:29,920 - Loaded System Directive: org.apache.velocity.runtime.directive.Foreach
2017-08-21 16:54:29,952 - Created '20' parsers.
2017-08-21 16:54:29,960 - Velocimacro : "velocimacro.library" is not set.  Trying default library: VM_global_library.vm
2017-08-21 16:54:29,962 - Could not load resource 'VM_global_library.vm' from ResourceLoader org.apache.velocity.runtime.resource.loader.ClasspathResourceLoader: ClasspathResourceLoader Error: cannot find resource VM_global_library.vm
2017-08-21 16:54:29,962 - Velocimacro : Default library not found.
2017-08-21 16:54:29,962 - Velocimacro : allowInline = true : VMs can be defined inline in templates
2017-08-21 16:54:29,963 - Velocimacro : allowInlineToOverride = false : VMs defined inline may NOT replace previous VM definitions
2017-08-21 16:54:29,963 - Velocimacro : allowInlineLocal = false : VMs defined inline will be global in scope if allowed.
2017-08-21 16:54:29,963 - Velocimacro : autoload off : VM system will not automatically reload global library macros
2017-08-21 16:54:29,985 - ResourceManager : found velocityTemplate\contractOrder.vm with loader org.apache.velocity.runtime.resource.loader.ClasspathResourceLoader
2017-08-21 16:54:30,150 - Log4JLogChute initialized using file 'velocity.log'
2017-08-21 16:54:30,150 - Log4JLogChute initialized using file 'velocity.log'
2017-08-21 16:54:30,150 - Initializing Velocity, Calling init()...
2017-08-21 16:54:30,150 - Initializing Velocity, Calling init()...
2017-08-21 16:54:30,150 - Starting Apache Velocity v1.7 (compiled: 2010-11-19 12:14:37)
2017-08-21 16:54:30,150 - Starting Apache Velocity v1.7 (compiled: 2010-11-19 12:14:37)
2017-08-21 16:54:30,150 - Default Properties File: org\apache\velocity\runtime\defaults\velocity.properties
2017-08-21 16:54:30,150 - Default Properties File: org\apache\velocity\runtime\defaults\velocity.properties
2017-08-21 16:54:30,150 - Trying to use logger class org.apache.velocity.runtime.log.AvalonLogChute
2017-08-21 16:54:30,150 - Trying to use logger class org.apache.velocity.runtime.log.AvalonLogChute
2017-08-21 16:54:30,151 - Target log system for org.apache.velocity.runtime.log.AvalonLogChute is not available (java.lang.NoClassDefFoundError: org/apache/log/format/Formatter).  Falling back to next log system...
2017-08-21 16:54:30,151 - Target log system for org.apache.velocity.runtime.log.AvalonLogChute is not available (java.lang.NoClassDefFoundError: org/apache/log/format/Formatter).  Falling back to next log system...
2017-08-21 16:54:30,151 - Trying to use logger class org.apache.velocity.runtime.log.Log4JLogChute
2017-08-21 16:54:30,151 - Trying to use logger class org.apache.velocity.runtime.log.Log4JLogChute
2017-08-21 16:54:30,151 - Using logger class org.apache.velocity.runtime.log.Log4JLogChute
2017-08-21 16:54:30,151 - Using logger class org.apache.velocity.runtime.log.Log4JLogChute
2017-08-21 16:54:30,151 - ResourceLoader instantiated: org.apache.velocity.runtime.resource.loader.ClasspathResourceLoader
2017-08-21 16:54:30,151 - ResourceLoader instantiated: org.apache.velocity.runtime.resource.loader.ClasspathResourceLoader
2017-08-21 16:54:30,151 - ResourceCache: initialized (class org.apache.velocity.runtime.resource.ResourceCacheImpl) with class java.util.Collections$SynchronizedMap cache map.
2017-08-21 16:54:30,151 - ResourceCache: initialized (class org.apache.velocity.runtime.resource.ResourceCacheImpl) with class java.util.Collections$SynchronizedMap cache map.
2017-08-21 16:54:30,152 - Loaded System Directive: org.apache.velocity.runtime.directive.Stop
2017-08-21 16:54:30,152 - Loaded System Directive: org.apache.velocity.runtime.directive.Stop
2017-08-21 16:54:30,152 - Loaded System Directive: org.apache.velocity.runtime.directive.Define
2017-08-21 16:54:30,152 - Loaded System Directive: org.apache.velocity.runtime.directive.Define
2017-08-21 16:54:30,152 - Loaded System Directive: org.apache.velocity.runtime.directive.Break
2017-08-21 16:54:30,152 - Loaded System Directive: org.apache.velocity.runtime.directive.Break
2017-08-21 16:54:30,152 - Loaded System Directive: org.apache.velocity.runtime.directive.Evaluate
2017-08-21 16:54:30,152 - Loaded System Directive: org.apache.velocity.runtime.directive.Evaluate
2017-08-21 16:54:30,152 - Loaded System Directive: org.apache.velocity.runtime.directive.Literal
2017-08-21 16:54:30,152 - Loaded System Directive: org.apache.velocity.runtime.directive.Literal
2017-08-21 16:54:30,152 - Loaded System Directive: org.apache.velocity.runtime.directive.Macro
2017-08-21 16:54:30,152 - Loaded System Directive: org.apache.velocity.runtime.directive.Macro
2017-08-21 16:54:30,152 - Loaded System Directive: org.apache.velocity.runtime.directive.Parse
2017-08-21 16:54:30,152 - Loaded System Directive: org.apache.velocity.runtime.directive.Parse
2017-08-21 16:54:30,152 - Loaded System Directive: org.apache.velocity.runtime.directive.Include
2017-08-21 16:54:30,152 - Loaded System Directive: org.apache.velocity.runtime.directive.Include
2017-08-21 16:54:30,152 - Loaded System Directive: org.apache.velocity.runtime.directive.Foreach
2017-08-21 16:54:30,152 - Loaded System Directive: org.apache.velocity.runtime.directive.Foreach
2017-08-21 16:54:30,154 - Created '20' parsers.
2017-08-21 16:54:30,154 - Created '20' parsers.
2017-08-21 16:54:30,154 - Velocimacro : "velocimacro.library" is not set.  Trying default library: VM_global_library.vm
2017-08-21 16:54:30,154 - Velocimacro : "velocimacro.library" is not set.  Trying default library: VM_global_library.vm
2017-08-21 16:54:30,155 - Could not load resource 'VM_global_library.vm' from ResourceLoader org.apache.velocity.runtime.resource.loader.ClasspathResourceLoader: ClasspathResourceLoader Error: cannot find resource VM_global_library.vm
2017-08-21 16:54:30,155 - Could not load resource 'VM_global_library.vm' from ResourceLoader org.apache.velocity.runtime.resource.loader.ClasspathResourceLoader: ClasspathResourceLoader Error: cannot find resource VM_global_library.vm
2017-08-21 16:54:30,155 - Velocimacro : Default library not found.
2017-08-21 16:54:30,155 - Velocimacro : Default library not found.
2017-08-21 16:54:30,155 - Velocimacro : allowInline = true : VMs can be defined inline in templates
2017-08-21 16:54:30,155 - Velocimacro : allowInline = true : VMs can be defined inline in templates
2017-08-21 16:54:30,155 - Velocimacro : allowInlineToOverride = false : VMs defined inline may NOT replace previous VM definitions
2017-08-21 16:54:30,155 - Velocimacro : allowInlineToOverride = false : VMs defined inline may NOT replace previous VM definitions
2017-08-21 16:54:30,155 - Velocimacro : allowInlineLocal = false : VMs defined inline will be global in scope if allowed.
2017-08-21 16:54:30,155 - Velocimacro : allowInlineLocal = false : VMs defined inline will be global in scope if allowed.
2017-08-21 16:54:30,155 - Velocimacro : autoload off : VM system will not automatically reload global library macros
2017-08-21 16:54:30,155 - Velocimacro : autoload off : VM system will not automatically reload global library macros
2017-08-21 16:54:30,160 - ResourceManager : found velocityTemplate/ContractOrder.vm with loader org.apache.velocity.runtime.resource.loader.ClasspathResourceLoader
2017-08-21 16:54:30,160 - ResourceManager : found velocityTemplate/ContractOrder.vm with loader org.apache.velocity.runtime.resource.loader.ClasspathResourceLoader
2017-08-21 16:55:18,669 - Log4JLogChute initialized using file 'velocity.log'
2017-08-21 16:55:18,670 - Initializing Velocity, Calling init()...
2017-08-21 16:55:18,670 - Starting Apache Velocity v1.7 (compiled: 2010-11-19 12:14:37)
2017-08-21 16:55:18,670 - Default Properties File: org\apache\velocity\runtime\defaults\velocity.properties
2017-08-21 16:55:18,670 - Trying to use logger class org.apache.velocity.runtime.log.AvalonLogChute
2017-08-21 16:55:18,670 - Target log system for org.apache.velocity.runtime.log.AvalonLogChute is not available (java.lang.NoClassDefFoundError: org/apache/log/format/Formatter).  Falling back to next log system...
2017-08-21 16:55:18,670 - Trying to use logger class org.apache.velocity.runtime.log.Log4JLogChute
2017-08-21 16:55:18,670 - Using logger class org.apache.velocity.runtime.log.Log4JLogChute
2017-08-21 16:55:18,680 - ResourceLoader instantiated: org.apache.velocity.runtime.resource.loader.ClasspathResourceLoader
2017-08-21 16:55:18,712 - ResourceCache: initialized (class org.apache.velocity.runtime.resource.ResourceCacheImpl) with class java.util.Collections$SynchronizedMap cache map.
2017-08-21 16:55:18,716 - Loaded System Directive: org.apache.velocity.runtime.directive.Stop
2017-08-21 16:55:18,719 - Loaded System Directive: org.apache.velocity.runtime.directive.Define
2017-08-21 16:55:18,721 - Loaded System Directive: org.apache.velocity.runtime.directive.Break
2017-08-21 16:55:18,724 - Loaded System Directive: org.apache.velocity.runtime.directive.Evaluate
2017-08-21 16:55:18,726 - Loaded System Directive: org.apache.velocity.runtime.directive.Literal
2017-08-21 16:55:18,730 - Loaded System Directive: org.apache.velocity.runtime.directive.Macro
2017-08-21 16:55:18,734 - Loaded System Directive: org.apache.velocity.runtime.directive.Parse
2017-08-21 16:55:18,737 - Loaded System Directive: org.apache.velocity.runtime.directive.Include
2017-08-21 16:55:18,740 - Loaded System Directive: org.apache.velocity.runtime.directive.Foreach
2017-08-21 16:55:18,795 - Created '20' parsers.
2017-08-21 16:55:18,817 - Velocimacro : "velocimacro.library" is not set.  Trying default library: VM_global_library.vm
2017-08-21 16:55:18,821 - Could not load resource 'VM_global_library.vm' from ResourceLoader org.apache.velocity.runtime.resource.loader.ClasspathResourceLoader: ClasspathResourceLoader Error: cannot find resource VM_global_library.vm
2017-08-21 16:55:18,821 - Velocimacro : Default library not found.
2017-08-21 16:55:18,821 - Velocimacro : allowInline = true : VMs can be defined inline in templates
2017-08-21 16:55:18,822 - Velocimacro : allowInlineToOverride = false : VMs defined inline may NOT replace previous VM definitions
2017-08-21 16:55:18,822 - Velocimacro : allowInlineLocal = false : VMs defined inline will be global in scope if allowed.
2017-08-21 16:55:18,822 - Velocimacro : autoload off : VM system will not automatically reload global library macros
2017-08-21 16:55:20,282 - ResourceManager : found velocityTemplate\contractOrder.vm with loader org.apache.velocity.runtime.resource.loader.ClasspathResourceLoader
2017-08-21 16:55:38,787 - Log4JLogChute initialized using file 'velocity.log'
2017-08-21 16:55:38,787 - Log4JLogChute initialized using file 'velocity.log'
2017-08-21 16:55:38,787 - Initializing Velocity, Calling init()...
2017-08-21 16:55:38,787 - Initializing Velocity, Calling init()...
2017-08-21 16:55:38,788 - Starting Apache Velocity v1.7 (compiled: 2010-11-19 12:14:37)
2017-08-21 16:55:38,788 - Starting Apache Velocity v1.7 (compiled: 2010-11-19 12:14:37)
2017-08-21 16:55:38,788 - Default Properties File: org\apache\velocity\runtime\defaults\velocity.properties
2017-08-21 16:55:38,788 - Default Properties File: org\apache\velocity\runtime\defaults\velocity.properties
2017-08-21 16:55:38,788 - Trying to use logger class org.apache.velocity.runtime.log.AvalonLogChute
2017-08-21 16:55:38,788 - Trying to use logger class org.apache.velocity.runtime.log.AvalonLogChute
2017-08-21 16:55:38,788 - Target log system for org.apache.velocity.runtime.log.AvalonLogChute is not available (java.lang.NoClassDefFoundError: org/apache/log/format/Formatter).  Falling back to next log system...
2017-08-21 16:55:38,788 - Target log system for org.apache.velocity.runtime.log.AvalonLogChute is not available (java.lang.NoClassDefFoundError: org/apache/log/format/Formatter).  Falling back to next log system...
2017-08-21 16:55:38,788 - Trying to use logger class org.apache.velocity.runtime.log.Log4JLogChute
2017-08-21 16:55:38,788 - Trying to use logger class org.apache.velocity.runtime.log.Log4JLogChute
2017-08-21 16:55:38,788 - Using logger class org.apache.velocity.runtime.log.Log4JLogChute
2017-08-21 16:55:38,788 - Using logger class org.apache.velocity.runtime.log.Log4JLogChute
2017-08-21 16:55:38,789 - ResourceLoader instantiated: org.apache.velocity.runtime.resource.loader.ClasspathResourceLoader
2017-08-21 16:55:38,789 - ResourceLoader instantiated: org.apache.velocity.runtime.resource.loader.ClasspathResourceLoader
2017-08-21 16:55:38,789 - ResourceCache: initialized (class org.apache.velocity.runtime.resource.ResourceCacheImpl) with class java.util.Collections$SynchronizedMap cache map.
2017-08-21 16:55:38,789 - ResourceCache: initialized (class org.apache.velocity.runtime.resource.ResourceCacheImpl) with class java.util.Collections$SynchronizedMap cache map.
2017-08-21 16:55:38,792 - Loaded System Directive: org.apache.velocity.runtime.directive.Stop
2017-08-21 16:55:38,792 - Loaded System Directive: org.apache.velocity.runtime.directive.Stop
2017-08-21 16:55:38,792 - Loaded System Directive: org.apache.velocity.runtime.directive.Define
2017-08-21 16:55:38,792 - Loaded System Directive: org.apache.velocity.runtime.directive.Define
2017-08-21 16:55:38,792 - Loaded System Directive: org.apache.velocity.runtime.directive.Break
2017-08-21 16:55:38,792 - Loaded System Directive: org.apache.velocity.runtime.directive.Break
2017-08-21 16:55:38,792 - Loaded System Directive: org.apache.velocity.runtime.directive.Evaluate
2017-08-21 16:55:38,792 - Loaded System Directive: org.apache.velocity.runtime.directive.Evaluate
2017-08-21 16:55:38,792 - Loaded System Directive: org.apache.velocity.runtime.directive.Literal
2017-08-21 16:55:38,792 - Loaded System Directive: org.apache.velocity.runtime.directive.Literal
2017-08-21 16:55:38,793 - Loaded System Directive: org.apache.velocity.runtime.directive.Macro
2017-08-21 16:55:38,793 - Loaded System Directive: org.apache.velocity.runtime.directive.Macro
2017-08-21 16:55:38,793 - Loaded System Directive: org.apache.velocity.runtime.directive.Parse
2017-08-21 16:55:38,793 - Loaded System Directive: org.apache.velocity.runtime.directive.Parse
2017-08-21 16:55:38,793 - Loaded System Directive: org.apache.velocity.runtime.directive.Include
2017-08-21 16:55:38,793 - Loaded System Directive: org.apache.velocity.runtime.directive.Include
2017-08-21 16:55:38,793 - Loaded System Directive: org.apache.velocity.runtime.directive.Foreach
2017-08-21 16:55:38,793 - Loaded System Directive: org.apache.velocity.runtime.directive.Foreach
2017-08-21 16:55:38,796 - Created '20' parsers.
2017-08-21 16:55:38,796 - Created '20' parsers.
2017-08-21 16:55:38,796 - Velocimacro : "velocimacro.library" is not set.  Trying default library: VM_global_library.vm
2017-08-21 16:55:38,796 - Velocimacro : "velocimacro.library" is not set.  Trying default library: VM_global_library.vm
2017-08-21 16:55:38,799 - Could not load resource 'VM_global_library.vm' from ResourceLoader org.apache.velocity.runtime.resource.loader.ClasspathResourceLoader: ClasspathResourceLoader Error: cannot find resource VM_global_library.vm
2017-08-21 16:55:38,799 - Could not load resource 'VM_global_library.vm' from ResourceLoader org.apache.velocity.runtime.resource.loader.ClasspathResourceLoader: ClasspathResourceLoader Error: cannot find resource VM_global_library.vm
2017-08-21 16:55:38,800 - Velocimacro : Default library not found.
2017-08-21 16:55:38,800 - Velocimacro : Default library not found.
2017-08-21 16:55:38,800 - Velocimacro : allowInline = true : VMs can be defined inline in templates
2017-08-21 16:55:38,800 - Velocimacro : allowInline = true : VMs can be defined inline in templates
2017-08-21 16:55:38,801 - Velocimacro : allowInlineToOverride = false : VMs defined inline may NOT replace previous VM definitions
2017-08-21 16:55:38,801 - Velocimacro : allowInlineToOverride = false : VMs defined inline may NOT replace previous VM definitions
2017-08-21 16:55:38,801 - Velocimacro : allowInlineLocal = false : VMs defined inline will be global in scope if allowed.
2017-08-21 16:55:38,801 - Velocimacro : allowInlineLocal = false : VMs defined inline will be global in scope if allowed.
2017-08-21 16:55:38,801 - Velocimacro : autoload off : VM system will not automatically reload global library macros
2017-08-21 16:55:38,801 - Velocimacro : autoload off : VM system will not automatically reload global library macros
2017-08-21 16:55:38,825 - ResourceManager : found velocityTemplate/ContractOrder.vm with loader org.apache.velocity.runtime.resource.loader.ClasspathResourceLoader
2017-08-21 16:55:38,825 - ResourceManager : found velocityTemplate/ContractOrder.vm with loader org.apache.velocity.runtime.resource.loader.ClasspathResourceLoader
2017-08-21 16:58:08,933 - Log4JLogChute initialized using file 'velocity.log'
2017-08-21 16:58:08,934 - Initializing Velocity, Calling init()...
2017-08-21 16:58:08,934 - Starting Apache Velocity v1.7 (compiled: 2010-11-19 12:14:37)
2017-08-21 16:58:08,934 - Default Properties File: org\apache\velocity\runtime\defaults\velocity.properties
2017-08-21 16:58:08,934 - Trying to use logger class org.apache.velocity.runtime.log.AvalonLogChute
2017-08-21 16:58:08,934 - Target log system for org.apache.velocity.runtime.log.AvalonLogChute is not available (java.lang.NoClassDefFoundError: org/apache/log/format/Formatter).  Falling back to next log system...
2017-08-21 16:58:08,934 - Trying to use logger class org.apache.velocity.runtime.log.Log4JLogChute
2017-08-21 16:58:08,934 - Using logger class org.apache.velocity.runtime.log.Log4JLogChute
2017-08-21 16:58:08,946 - ResourceLoader instantiated: org.apache.velocity.runtime.resource.loader.ClasspathResourceLoader
2017-08-21 16:58:08,976 - ResourceCache: initialized (class org.apache.velocity.runtime.resource.ResourceCacheImpl) with class java.util.Collections$SynchronizedMap cache map.
2017-08-21 16:58:08,981 - Loaded System Directive: org.apache.velocity.runtime.directive.Stop
2017-08-21 16:58:08,984 - Loaded System Directive: org.apache.velocity.runtime.directive.Define
2017-08-21 16:58:08,987 - Loaded System Directive: org.apache.velocity.runtime.directive.Break
2017-08-21 16:58:08,989 - Loaded System Directive: org.apache.velocity.runtime.directive.Evaluate
2017-08-21 16:58:08,991 - Loaded System Directive: org.apache.velocity.runtime.directive.Literal
2017-08-21 16:58:08,994 - Loaded System Directive: org.apache.velocity.runtime.directive.Macro
2017-08-21 16:58:08,998 - Loaded System Directive: org.apache.velocity.runtime.directive.Parse
2017-08-21 16:58:09,002 - Loaded System Directive: org.apache.velocity.runtime.directive.Include
2017-08-21 16:58:09,007 - Loaded System Directive: org.apache.velocity.runtime.directive.Foreach
2017-08-21 16:58:09,069 - Created '20' parsers.
2017-08-21 16:58:09,091 - Velocimacro : "velocimacro.library" is not set.  Trying default library: VM_global_library.vm
2017-08-21 16:58:09,095 - Could not load resource 'VM_global_library.vm' from ResourceLoader org.apache.velocity.runtime.resource.loader.ClasspathResourceLoader: ClasspathResourceLoader Error: cannot find resource VM_global_library.vm
2017-08-21 16:58:09,095 - Velocimacro : Default library not found.
2017-08-21 16:58:09,095 - Velocimacro : allowInline = true : VMs can be defined inline in templates
2017-08-21 16:58:09,095 - Velocimacro : allowInlineToOverride = false : VMs defined inline may NOT replace previous VM definitions
2017-08-21 16:58:09,095 - Velocimacro : allowInlineLocal = false : VMs defined inline will be global in scope if allowed.
2017-08-21 16:58:09,096 - Velocimacro : autoload off : VM system will not automatically reload global library macros
2017-08-21 16:58:15,740 - ResourceManager : found velocityTemplate\contractOrder.vm with loader org.apache.velocity.runtime.resource.loader.ClasspathResourceLoader
2017-08-21 16:58:43,792 - Log4JLogChute initialized using file 'velocity.log'
2017-08-21 16:58:43,792 - Log4JLogChute initialized using file 'velocity.log'
2017-08-21 16:58:43,793 - Initializing Velocity, Calling init()...
2017-08-21 16:58:43,793 - Initializing Velocity, Calling init()...
2017-08-21 16:58:43,793 - Starting Apache Velocity v1.7 (compiled: 2010-11-19 12:14:37)
2017-08-21 16:58:43,793 - Starting Apache Velocity v1.7 (compiled: 2010-11-19 12:14:37)
2017-08-21 16:58:43,793 - Default Properties File: org\apache\velocity\runtime\defaults\velocity.properties
2017-08-21 16:58:43,793 - Default Properties File: org\apache\velocity\runtime\defaults\velocity.properties
2017-08-21 16:58:43,793 - Trying to use logger class org.apache.velocity.runtime.log.AvalonLogChute
2017-08-21 16:58:43,793 - Trying to use logger class org.apache.velocity.runtime.log.AvalonLogChute
2017-08-21 16:58:43,793 - Target log system for org.apache.velocity.runtime.log.AvalonLogChute is not available (java.lang.NoClassDefFoundError: org/apache/log/format/Formatter).  Falling back to next log system...
2017-08-21 16:58:43,793 - Target log system for org.apache.velocity.runtime.log.AvalonLogChute is not available (java.lang.NoClassDefFoundError: org/apache/log/format/Formatter).  Falling back to next log system...
2017-08-21 16:58:43,793 - Trying to use logger class org.apache.velocity.runtime.log.Log4JLogChute
2017-08-21 16:58:43,793 - Trying to use logger class org.apache.velocity.runtime.log.Log4JLogChute
2017-08-21 16:58:43,793 - Using logger class org.apache.velocity.runtime.log.Log4JLogChute
2017-08-21 16:58:43,793 - Using logger class org.apache.velocity.runtime.log.Log4JLogChute
2017-08-21 16:58:43,794 - ResourceLoader instantiated: org.apache.velocity.runtime.resource.loader.ClasspathResourceLoader
2017-08-21 16:58:43,794 - ResourceLoader instantiated: org.apache.velocity.runtime.resource.loader.ClasspathResourceLoader
2017-08-21 16:58:43,794 - ResourceCache: initialized (class org.apache.velocity.runtime.resource.ResourceCacheImpl) with class java.util.Collections$SynchronizedMap cache map.
2017-08-21 16:58:43,794 - ResourceCache: initialized (class org.apache.velocity.runtime.resource.ResourceCacheImpl) with class java.util.Collections$SynchronizedMap cache map.
2017-08-21 16:58:43,798 - Loaded System Directive: org.apache.velocity.runtime.directive.Stop
2017-08-21 16:58:43,798 - Loaded System Directive: org.apache.velocity.runtime.directive.Stop
2017-08-21 16:58:43,798 - Loaded System Directive: org.apache.velocity.runtime.directive.Define
2017-08-21 16:58:43,798 - Loaded System Directive: org.apache.velocity.runtime.directive.Define
2017-08-21 16:58:43,798 - Loaded System Directive: org.apache.velocity.runtime.directive.Break
2017-08-21 16:58:43,798 - Loaded System Directive: org.apache.velocity.runtime.directive.Break
2017-08-21 16:58:43,799 - Loaded System Directive: org.apache.velocity.runtime.directive.Evaluate
2017-08-21 16:58:43,799 - Loaded System Directive: org.apache.velocity.runtime.directive.Evaluate
2017-08-21 16:58:43,799 - Loaded System Directive: org.apache.velocity.runtime.directive.Literal
2017-08-21 16:58:43,799 - Loaded System Directive: org.apache.velocity.runtime.directive.Literal
2017-08-21 16:58:43,799 - Loaded System Directive: org.apache.velocity.runtime.directive.Macro
2017-08-21 16:58:43,799 - Loaded System Directive: org.apache.velocity.runtime.directive.Macro
2017-08-21 16:58:43,799 - Loaded System Directive: org.apache.velocity.runtime.directive.Parse
2017-08-21 16:58:43,799 - Loaded System Directive: org.apache.velocity.runtime.directive.Parse
2017-08-21 16:58:43,800 - Loaded System Directive: org.apache.velocity.runtime.directive.Include
2017-08-21 16:58:43,800 - Loaded System Directive: org.apache.velocity.runtime.directive.Include
2017-08-21 16:58:43,800 - Loaded System Directive: org.apache.velocity.runtime.directive.Foreach
2017-08-21 16:58:43,800 - Loaded System Directive: org.apache.velocity.runtime.directive.Foreach
2017-08-21 16:58:43,804 - Created '20' parsers.
2017-08-21 16:58:43,804 - Created '20' parsers.
2017-08-21 16:58:43,805 - Velocimacro : "velocimacro.library" is not set.  Trying default library: VM_global_library.vm
2017-08-21 16:58:43,805 - Velocimacro : "velocimacro.library" is not set.  Trying default library: VM_global_library.vm
2017-08-21 16:58:43,808 - Could not load resource 'VM_global_library.vm' from ResourceLoader org.apache.velocity.runtime.resource.loader.ClasspathResourceLoader: ClasspathResourceLoader Error: cannot find resource VM_global_library.vm
2017-08-21 16:58:43,808 - Could not load resource 'VM_global_library.vm' from ResourceLoader org.apache.velocity.runtime.resource.loader.ClasspathResourceLoader: ClasspathResourceLoader Error: cannot find resource VM_global_library.vm
2017-08-21 16:58:43,808 - Velocimacro : Default library not found.
2017-08-21 16:58:43,808 - Velocimacro : Default library not found.
2017-08-21 16:58:43,808 - Velocimacro : allowInline = true : VMs can be defined inline in templates
2017-08-21 16:58:43,808 - Velocimacro : allowInline = true : VMs can be defined inline in templates
2017-08-21 16:58:43,809 - Velocimacro : allowInlineToOverride = false : VMs defined inline may NOT replace previous VM definitions
2017-08-21 16:58:43,809 - Velocimacro : allowInlineToOverride = false : VMs defined inline may NOT replace previous VM definitions
2017-08-21 16:58:43,809 - Velocimacro : allowInlineLocal = false : VMs defined inline will be global in scope if allowed.
2017-08-21 16:58:43,809 - Velocimacro : allowInlineLocal = false : VMs defined inline will be global in scope if allowed.
2017-08-21 16:58:43,809 - Velocimacro : autoload off : VM system will not automatically reload global library macros
2017-08-21 16:58:43,809 - Velocimacro : autoload off : VM system will not automatically reload global library macros
2017-08-21 16:58:43,827 - ResourceManager : found velocityTemplate/ContractOrder.vm with loader org.apache.velocity.runtime.resource.loader.ClasspathResourceLoader
2017-08-21 16:58:43,827 - ResourceManager : found velocityTemplate/ContractOrder.vm with loader org.apache.velocity.runtime.resource.loader.ClasspathResourceLoader
